<?xml version="1.0" encoding="UTF-8"?>
<testng-results ignored="0" total="2" passed="2" failed="0" skipped="0">
  <reporter-output>
  </reporter-output>
  <suite started-at="2023-05-11T13:48:34 IST" name="Suite" finished-at="2023-05-11T13:49:18 IST" duration-ms="43897">
    <groups>
    </groups>
    <test started-at="2023-05-11T13:48:34 IST" name="Test" finished-at="2023-05-11T13:49:18 IST" duration-ms="43897">
      <class name="test.test123.NewTest">
        <test-method signature="f()[pri:0, instance:test.test123.NewTest@188715b5]" started-at="2023-05-11T13:48:34 IST" name="f" finished-at="2023-05-11T13:49:18 IST" duration-ms="43829" status="PASS">
          <reporter-output>
          </reporter-output>
        </test-method> <!-- f -->
        <test-method signature="f2()[pri:0, instance:test.test123.NewTest@188715b5]" started-at="2023-05-11T13:48:34 IST" name="f2" finished-at="2023-05-11T13:49:16 IST" duration-ms="41814" status="PASS">
          <reporter-output>
          </reporter-output>
        </test-method> <!-- f2 -->
      </class> <!-- test.test123.NewTest -->
    </test> <!-- Test -->
  </suite> <!-- Suite -->
</testng-results>
